# JRE version: Java(TM) SE Runtime Environment (8.0_144-b01) (build 1.8.0_144-b01)
# Java VM: Java HotSpot(TM) 64-Bit Server VM (25.144-b01 mixed mode linux-amd64 compressed oops)
Heap:
 PSYoungGen      total 133632K, used 10725K [0x00000000eab00000, 0x00000000f3880000, 0x0000000100000000)
  eden space 122880K, 0% used [0x00000000eab00000,0x00000000eab00000,0x00000000f2300000)
  from space 10752K, 99% used [0x00000000f2380000,0x00000000f2df9620,0x00000000f2e00000)
  to   space 8192K, 0% used [0x00000000f3080000,0x00000000f3080000,0x00000000f3880000)
 ParOldGen       total 34816K, used 11991K [0x00000000c0000000, 0x00000000c2200000, 0x00000000eab00000)
  object space 34816K, 34% used [0x00000000c0000000,0x00000000c0bb5e20,0x00000000c2200000)
 Metaspace       used 34424K, capacity 35058K, committed 35376K, reserved 1079296K
  class space    used 4890K, capacity 5051K, committed 5168K, reserved 1048576K
GC Heap History (10 events):
Event: 11,782 GC heap after
Heap after GC invocations=3 (full 0):
 PSYoungGen      total 34304K, used 2544K [0x00000000eab00000, 0x00000000eee00000, 0x0000000100000000)
  eden space 31744K, 0% used [0x00000000eab00000,0x00000000eab00000,0x00000000eca00000)
  from space 2560K, 99% used [0x00000000eca00000,0x00000000ecc7c010,0x00000000ecc80000)
  to   space 2560K, 0% used [0x00000000eeb80000,0x00000000eeb80000,0x00000000eee00000)
 ParOldGen       total 42496K, used 3615K [0x00000000c0000000, 0x00000000c2980000, 0x00000000eab00000)
  object space 42496K, 8% used [0x00000000c0000000,0x00000000c0387d08,0x00000000c2980000)
 Metaspace       used 11786K, capacity 12122K, committed 12288K, reserved 1060864K
  class space    used 1623K, capacity 1737K, committed 1792K, reserved 1048576K
}
Event: 17,301 GC heap before
{Heap before GC invocations=4 (full 0):
 PSYoungGen      total 34304K, used 34288K [0x00000000eab00000, 0x00000000eee00000, 0x0000000100000000)
  eden space 31744K, 100% used [0x00000000eab00000,0x00000000eca00000,0x00000000eca00000)
  from space 2560K, 99% used [0x00000000eca00000,0x00000000ecc7c010,0x00000000ecc80000)
  to   space 2560K, 0% used [0x00000000eeb80000,0x00000000eeb80000,0x00000000eee00000)
 ParOldGen       total 42496K, used 3615K [0x00000000c0000000, 0x00000000c2980000, 0x00000000eab00000)
  object space 42496K, 8% used [0x00000000c0000000,0x00000000c0387d08,0x00000000c2980000)
 Metaspace       used 14953K, capacity 15322K, committed 15616K, reserved 1062912K
  class space    used 2149K, capacity 2249K, committed 2304K, reserved 1048576K
Event: 17,316 GC heap after
Heap after GC invocations=4 (full 0):
 PSYoungGen      total 66048K, used 2528K [0x00000000eab00000, 0x00000000eee00000, 0x0000000100000000)
  eden space 63488K, 0% used [0x00000000eab00000,0x00000000eab00000,0x00000000ee900000)
  from space 2560K, 98% used [0x00000000eeb80000,0x00000000eedf8020,0x00000000eee00000)
  to   space 2560K, 0% used [0x00000000ee900000,0x00000000ee900000,0x00000000eeb80000)
 ParOldGen       total 42496K, used 7625K [0x00000000c0000000, 0x00000000c2980000, 0x00000000eab00000)
  object space 42496K, 17% used [0x00000000c0000000,0x00000000c0772500,0x00000000c2980000)
 Metaspace       used 14953K, capacity 15322K, committed 15616K, reserved 1062912K
  class space    used 2149K, capacity 2249K, committed 2304K, reserved 1048576K
}
Event: 26,760 GC heap before
{Heap before GC invocations=5 (full 0):
 PSYoungGen      total 66048K, used 40930K [0x00000000eab00000, 0x00000000eee00000, 0x0000000100000000)
  eden space 63488K, 60% used [0x00000000eab00000,0x00000000ed0808e0,0x00000000ee900000)
  from space 2560K, 98% used [0x00000000eeb80000,0x00000000eedf8020,0x00000000eee00000)
  to   space 2560K, 0% used [0x00000000ee900000,0x00000000ee900000,0x00000000eeb80000)
 ParOldGen       total 42496K, used 7625K [0x00000000c0000000, 0x00000000c2980000, 0x00000000eab00000)
  object space 42496K, 17% used [0x00000000c0000000,0x00000000c0772500,0x00000000c2980000)
 Metaspace       used 20909K, capacity 21216K, committed 21296K, reserved 1067008K
  class space    used 2968K, capacity 3082K, committed 3120K, reserved 1048576K
Event: 26,780 GC heap after
Heap after GC invocations=5 (full 0):
 PSYoungGen      total 66048K, used 2528K [0x00000000eab00000, 0x00000000f3a00000, 0x0000000100000000)
  eden space 63488K, 0% used [0x00000000eab00000,0x00000000eab00000,0x00000000ee900000)
  from space 2560K, 98% used [0x00000000ee900000,0x00000000eeb78010,0x00000000eeb80000)
  to   space 9728K, 0% used [0x00000000f3080000,0x00000000f3080000,0x00000000f3a00000)
 ParOldGen       total 42496K, used 13363K [0x00000000c0000000, 0x00000000c2980000, 0x00000000eab00000)
  object space 42496K, 31% used [0x00000000c0000000,0x00000000c0d0ce70,0x00000000c2980000)
 Metaspace       used 20909K, capacity 21216K, committed 21296K, reserved 1067008K
  class space    used 2968K, capacity 3082K, committed 3120K, reserved 1048576K
}
Event: 26,780 GC heap before
{Heap before GC invocations=6 (full 1):
 PSYoungGen      total 66048K, used 2528K [0x00000000eab00000, 0x00000000f3a00000, 0x0000000100000000)
  eden space 63488K, 0% used [0x00000000eab00000,0x00000000eab00000,0x00000000ee900000)
  from space 2560K, 98% used [0x00000000ee900000,0x00000000eeb78010,0x00000000eeb80000)
  to   space 9728K, 0% used [0x00000000f3080000,0x00000000f3080000,0x00000000f3a00000)
 ParOldGen       total 42496K, used 13363K [0x00000000c0000000, 0x00000000c2980000, 0x00000000eab00000)
  object space 42496K, 31% used [0x00000000c0000000,0x00000000c0d0ce70,0x00000000c2980000)
 Metaspace       used 20909K, capacity 21216K, committed 21296K, reserved 1067008K
  class space    used 2968K, capacity 3082K, committed 3120K, reserved 1048576K
Event: 26,840 GC heap after
Heap after GC invocations=6 (full 1):
 PSYoungGen      total 66048K, used 0K [0x00000000eab00000, 0x00000000f3a00000, 0x0000000100000000)
  eden space 63488K, 0% used [0x00000000eab00000,0x00000000eab00000,0x00000000ee900000)
  from space 2560K, 0% used [0x00000000ee900000,0x00000000ee900000,0x00000000eeb80000)
  to   space 9728K, 0% used [0x00000000f3080000,0x00000000f3080000,0x00000000f3a00000)
 ParOldGen       total 34816K, used 9624K [0x00000000c0000000, 0x00000000c2200000, 0x00000000eab00000)
  object space 34816K, 27% used [0x00000000c0000000,0x00000000c0966390,0x00000000c2200000)
 Metaspace       used 20909K, capacity 21216K, committed 21296K, reserved 1067008K
  class space    used 2968K, capacity 3082K, committed 3120K, reserved 1048576K
}
Event: 44,167 GC heap before
{Heap before GC invocations=7 (full 1):
 PSYoungGen      total 66048K, used 63488K [0x00000000eab00000, 0x00000000f3a00000, 0x0000000100000000)
  eden space 63488K, 100% used [0x00000000eab00000,0x00000000ee900000,0x00000000ee900000)
  from space 2560K, 0% used [0x00000000ee900000,0x00000000ee900000,0x00000000eeb80000)
  to   space 9728K, 0% used [0x00000000f3080000,0x00000000f3080000,0x00000000f3a00000)
 ParOldGen       total 34816K, used 9624K [0x00000000c0000000, 0x00000000c2200000, 0x00000000eab00000)
  object space 34816K, 27% used [0x00000000c0000000,0x00000000c0966390,0x00000000c2200000)
 Metaspace       used 27157K, capacity 27556K, committed 27696K, reserved 1073152K
  class space    used 3726K, capacity 3846K, committed 3888K, reserved 1048576K
Event: 45,411 GC heap after
Heap after GC invocations=7 (full 1):
 PSYoungGen      total 131072K, used 7689K [0x00000000eab00000, 0x00000000f3880000, 0x0000000100000000)
  eden space 122880K, 0% used [0x00000000eab00000,0x00000000eab00000,0x00000000f2300000)
  from space 8192K, 93% used [0x00000000f3080000,0x00000000f38026c8,0x00000000f3880000)
  to   space 10752K, 0% used [0x00000000f2380000,0x00000000f2380000,0x00000000f2e00000)
 ParOldGen       total 34816K, used 9632K [0x00000000c0000000, 0x00000000c2200000, 0x00000000eab00000)
  object space 34816K, 27% used [0x00000000c0000000,0x00000000c0968390,0x00000000c2200000)
 Metaspace       used 27157K, capacity 27556K, committed 27696K, reserved 1073152K
  class space    used 3726K, capacity 3846K, committed 3888K, reserved 1048576K
}
Event: 93,589 GC heap before
{Heap before GC invocations=8 (full 1):
 PSYoungGen      total 131072K, used 130569K [0x00000000eab00000, 0x00000000f3880000, 0x0000000100000000)
  eden space 122880K, 100% used [0x00000000eab00000,0x00000000f2300000,0x00000000f2300000)
  from space 8192K, 93% used [0x00000000f3080000,0x00000000f38026c8,0x00000000f3880000)
  to   space 10752K, 0% used [0x00000000f2380000,0x00000000f2380000,0x00000000f2e00000)
 ParOldGen       total 34816K, used 9632K [0x00000000c0000000, 0x00000000c2200000, 0x00000000eab00000)
  object space 34816K, 27% used [0x00000000c0000000,0x00000000c0968390,0x00000000c2200000)
 Metaspace       used 34424K, capacity 35058K, committed 35376K, reserved 1079296K
  class space    used 4890K, capacity 5051K, committed 5168K, reserved 1048576K

